2025-06-13T17:47:35.720+05:30  INFO 35140 --- [FlightAndHotelBooking] [restartedMain] c.n.FlightAndHotelBookingApplication     : Starting FlightAndHotelBookingApplication using Java 21.0.6 with PID 35140 (C:\Users\2408704\Downloads\fhm12\fhm\FlightAndHotelModule\target\classes started by 2408704 in C:\Users\2408704\Downloads\fhm12\fhm\FlightAndHotelModule)
2025-06-13T17:47:35.723+05:30 DEBUG 35140 --- [FlightAndHotelBooking] [restartedMain] c.n.FlightAndHotelBookingApplication     : Running with Spring Boot v3.5.0, Spring v6.2.7
2025-06-13T17:47:35.724+05:30  INFO 35140 --- [FlightAndHotelBooking] [restartedMain] c.n.FlightAndHotelBookingApplication     : No active profile set, falling back to 1 default profile: "default"
2025-06-13T17:47:35.785+05:30  INFO 35140 --- [FlightAndHotelBooking] [restartedMain] .e.DevToolsPropertyDefaultsPostProcessor : Devtools property defaults active! Set 'spring.devtools.add-properties' to 'false' to disable
2025-06-13T17:47:35.785+05:30  INFO 35140 --- [FlightAndHotelBooking] [restartedMain] .e.DevToolsPropertyDefaultsPostProcessor : For additional web related logging consider setting the 'logging.level.web' property to 'DEBUG'
2025-06-13T17:47:38.312+05:30  INFO 35140 --- [FlightAndHotelBooking] [restartedMain] .s.d.r.c.RepositoryConfigurationDelegate : Bootstrapping Spring Data JPA repositories in DEFAULT mode.
2025-06-13T17:47:38.389+05:30  INFO 35140 --- [FlightAndHotelBooking] [restartedMain] .s.d.r.c.RepositoryConfigurationDelegate : Finished Spring Data repository scanning in 65 ms. Found 13 JPA repository interfaces.
2025-06-13T17:47:38.880+05:30  INFO 35140 --- [FlightAndHotelBooking] [restartedMain] o.s.b.w.embedded.tomcat.TomcatWebServer  : Tomcat initialized with port 8100 (http)
2025-06-13T17:47:38.895+05:30  INFO 35140 --- [FlightAndHotelBooking] [restartedMain] o.apache.catalina.core.StandardService   : Starting service [Tomcat]
2025-06-13T17:47:38.895+05:30  INFO 35140 --- [FlightAndHotelBooking] [restartedMain] o.apache.catalina.core.StandardEngine    : Starting Servlet engine: [Apache Tomcat/10.1.41]
2025-06-13T17:47:38.954+05:30  INFO 35140 --- [FlightAndHotelBooking] [restartedMain] o.a.c.c.C.[Tomcat].[localhost].[/]       : Initializing Spring embedded WebApplicationContext
2025-06-13T17:47:38.955+05:30  INFO 35140 --- [FlightAndHotelBooking] [restartedMain] w.s.c.ServletWebServerApplicationContext : Root WebApplicationContext: initialization completed in 3169 ms
2025-06-13T17:47:39.079+05:30 DEBUG 35140 --- [FlightAndHotelBooking] [restartedMain] com.nomads.security.JwtFilter            : Filter 'jwtFilter' configured for use
2025-06-13T17:47:39.181+05:30  INFO 35140 --- [FlightAndHotelBooking] [restartedMain] o.hibernate.jpa.internal.util.LogHelper  : HHH000204: Processing PersistenceUnitInfo [name: default]
2025-06-13T17:47:39.246+05:30  INFO 35140 --- [FlightAndHotelBooking] [restartedMain] org.hibernate.Version                    : HHH000412: Hibernate ORM core version 6.6.15.Final
2025-06-13T17:47:39.283+05:30  INFO 35140 --- [FlightAndHotelBooking] [restartedMain] o.h.c.internal.RegionFactoryInitiator    : HHH000026: Second-level cache disabled
2025-06-13T17:47:39.554+05:30  INFO 35140 --- [FlightAndHotelBooking] [restartedMain] o.s.o.j.p.SpringPersistenceUnitInfo      : No LoadTimeWeaver setup: ignoring JPA class transformer
2025-06-13T17:47:39.586+05:30  INFO 35140 --- [FlightAndHotelBooking] [restartedMain] com.zaxxer.hikari.HikariDataSource       : HikariPool-1 - Starting...
2025-06-13T17:47:39.922+05:30  INFO 35140 --- [FlightAndHotelBooking] [restartedMain] com.zaxxer.hikari.pool.HikariPool        : HikariPool-1 - Added connection com.mysql.cj.jdbc.ConnectionImpl@74facc76
2025-06-13T17:47:39.923+05:30  INFO 35140 --- [FlightAndHotelBooking] [restartedMain] com.zaxxer.hikari.HikariDataSource       : HikariPool-1 - Start completed.
2025-06-13T17:47:40.032+05:30  INFO 35140 --- [FlightAndHotelBooking] [restartedMain] org.hibernate.orm.connections.pooling    : HHH10001005: Database info:
	Database JDBC URL [Connecting through datasource 'HikariDataSource (HikariPool-1)']
	Database driver: undefined/unknown
	Database version: 8.0.41
	Autocommit mode: undefined/unknown
	Isolation level: undefined/unknown
	Minimum pool size: undefined/unknown
	Maximum pool size: undefined/unknown
2025-06-13T17:47:41.220+05:30  INFO 35140 --- [FlightAndHotelBooking] [restartedMain] o.h.e.t.j.p.i.JtaPlatformInitiator       : HHH000489: No JTA platform available (set 'hibernate.transaction.jta.platform' to enable JTA platform integration)
2025-06-13T17:47:44.613+05:30  INFO 35140 --- [FlightAndHotelBooking] [restartedMain] j.LocalContainerEntityManagerFactoryBean : Initialized JPA EntityManagerFactory for persistence unit 'default'
2025-06-13T17:47:45.083+05:30  WARN 35140 --- [FlightAndHotelBooking] [restartedMain] JpaBaseConfiguration$JpaWebConfiguration : spring.jpa.open-in-view is enabled by default. Therefore, database queries may be performed during view rendering. Explicitly configure spring.jpa.open-in-view to disable this warning
2025-06-13T17:47:45.383+05:30  INFO 35140 --- [FlightAndHotelBooking] [restartedMain] o.s.b.a.e.web.EndpointLinksResolver      : Exposing 14 endpoints beneath base path '/actuator'
2025-06-13T17:47:45.412+05:30  WARN 35140 --- [FlightAndHotelBooking] [restartedMain] .s.s.UserDetailsServiceAutoConfiguration : 

Using generated security password: 61c21607-a9d0-46be-a1fe-ad29f140da6b

This generated password is for development use only. Your security configuration must be updated before running your application in production.

2025-06-13T17:47:45.418+05:30  INFO 35140 --- [FlightAndHotelBooking] [restartedMain] r$InitializeUserDetailsManagerConfigurer : Global AuthenticationManager configured with UserDetailsService bean with name inMemoryUserDetailsManager
2025-06-13T17:47:45.775+05:30  INFO 35140 --- [FlightAndHotelBooking] [restartedMain] o.s.b.d.a.OptionalLiveReloadServer       : LiveReload server is running on port 35729
2025-06-13T17:47:45.841+05:30  INFO 35140 --- [FlightAndHotelBooking] [restartedMain] o.s.b.w.embedded.tomcat.TomcatWebServer  : Tomcat started on port 8100 (http) with context path '/'
2025-06-13T17:47:45.853+05:30  INFO 35140 --- [FlightAndHotelBooking] [restartedMain] c.n.FlightAndHotelBookingApplication     : Started FlightAndHotelBookingApplication in 10.759 seconds (process running for 11.51)
2025-06-13T17:51:57.571+05:30  INFO 35140 --- [FlightAndHotelBooking] [File Watcher] rtingClassPathChangeChangedEventListener : Restarting due to 1 class path change (1 addition, 0 deletions, 0 modifications)
2025-06-13T17:51:57.576+05:30  INFO 35140 --- [FlightAndHotelBooking] [Thread-5] o.s.b.w.e.tomcat.GracefulShutdown        : Commencing graceful shutdown. Waiting for active requests to complete
2025-06-13T17:51:57.582+05:30  INFO 35140 --- [FlightAndHotelBooking] [tomcat-shutdown] o.s.b.w.e.tomcat.GracefulShutdown        : Graceful shutdown complete
2025-06-13T17:51:57.589+05:30  INFO 35140 --- [FlightAndHotelBooking] [Thread-5] j.LocalContainerEntityManagerFactoryBean : Closing JPA EntityManagerFactory for persistence unit 'default'
2025-06-13T17:51:57.593+05:30  INFO 35140 --- [FlightAndHotelBooking] [Thread-5] com.zaxxer.hikari.HikariDataSource       : HikariPool-1 - Shutdown initiated...
2025-06-13T17:51:57.604+05:30  INFO 35140 --- [FlightAndHotelBooking] [Thread-5] com.zaxxer.hikari.HikariDataSource       : HikariPool-1 - Shutdown completed.
2025-06-13T17:51:57.737+05:30  INFO 35140 --- [FlightAndHotelBooking] [restartedMain] c.n.FlightAndHotelBookingApplication     : Starting FlightAndHotelBookingApplication using Java 21.0.6 with PID 35140 (C:\Users\2408704\Downloads\fhm12\fhm\FlightAndHotelModule\target\classes started by 2408704 in C:\Users\2408704\Downloads\fhm12\fhm\FlightAndHotelModule)
2025-06-13T17:51:57.737+05:30 DEBUG 35140 --- [FlightAndHotelBooking] [restartedMain] c.n.FlightAndHotelBookingApplication     : Running with Spring Boot v3.5.0, Spring v6.2.7
2025-06-13T17:51:57.737+05:30  INFO 35140 --- [FlightAndHotelBooking] [restartedMain] c.n.FlightAndHotelBookingApplication     : No active profile set, falling back to 1 default profile: "default"
2025-06-13T17:51:58.113+05:30  INFO 35140 --- [FlightAndHotelBooking] [restartedMain] .s.d.r.c.RepositoryConfigurationDelegate : Bootstrapping Spring Data JPA repositories in DEFAULT mode.
2025-06-13T17:51:58.173+05:30  INFO 35140 --- [FlightAndHotelBooking] [restartedMain] .s.d.r.c.RepositoryConfigurationDelegate : Finished Spring Data repository scanning in 57 ms. Found 13 JPA repository interfaces.
2025-06-13T17:51:58.322+05:30  INFO 35140 --- [FlightAndHotelBooking] [restartedMain] o.s.b.w.embedded.tomcat.TomcatWebServer  : Tomcat initialized with port 8100 (http)
2025-06-13T17:51:58.324+05:30  INFO 35140 --- [FlightAndHotelBooking] [restartedMain] o.apache.catalina.core.StandardService   : Starting service [Tomcat]
2025-06-13T17:51:58.325+05:30  INFO 35140 --- [FlightAndHotelBooking] [restartedMain] o.apache.catalina.core.StandardEngine    : Starting Servlet engine: [Apache Tomcat/10.1.41]
2025-06-13T17:51:58.356+05:30  INFO 35140 --- [FlightAndHotelBooking] [restartedMain] o.a.c.c.C.[Tomcat].[localhost].[/]       : Initializing Spring embedded WebApplicationContext
2025-06-13T17:51:58.356+05:30  INFO 35140 --- [FlightAndHotelBooking] [restartedMain] w.s.c.ServletWebServerApplicationContext : Root WebApplicationContext: initialization completed in 617 ms
2025-06-13T17:51:58.394+05:30 DEBUG 35140 --- [FlightAndHotelBooking] [restartedMain] com.nomads.security.JwtFilter            : Filter 'jwtFilter' configured for use
2025-06-13T17:51:58.420+05:30  INFO 35140 --- [FlightAndHotelBooking] [restartedMain] o.hibernate.jpa.internal.util.LogHelper  : HHH000204: Processing PersistenceUnitInfo [name: default]
2025-06-13T17:51:58.423+05:30  INFO 35140 --- [FlightAndHotelBooking] [restartedMain] o.h.c.internal.RegionFactoryInitiator    : HHH000026: Second-level cache disabled
2025-06-13T17:51:58.437+05:30  INFO 35140 --- [FlightAndHotelBooking] [restartedMain] o.s.o.j.p.SpringPersistenceUnitInfo      : No LoadTimeWeaver setup: ignoring JPA class transformer
2025-06-13T17:51:58.440+05:30  INFO 35140 --- [FlightAndHotelBooking] [restartedMain] com.zaxxer.hikari.HikariDataSource       : HikariPool-2 - Starting...
2025-06-13T17:51:58.461+05:30  INFO 35140 --- [FlightAndHotelBooking] [restartedMain] com.zaxxer.hikari.pool.HikariPool        : HikariPool-2 - Added connection com.mysql.cj.jdbc.ConnectionImpl@231bb1f5
2025-06-13T17:51:58.461+05:30  INFO 35140 --- [FlightAndHotelBooking] [restartedMain] com.zaxxer.hikari.HikariDataSource       : HikariPool-2 - Start completed.
2025-06-13T17:51:58.463+05:30  INFO 35140 --- [FlightAndHotelBooking] [restartedMain] org.hibernate.orm.connections.pooling    : HHH10001005: Database info:
	Database JDBC URL [Connecting through datasource 'HikariDataSource (HikariPool-2)']
	Database driver: undefined/unknown
	Database version: 8.0.41
	Autocommit mode: undefined/unknown
	Isolation level: undefined/unknown
	Minimum pool size: undefined/unknown
	Maximum pool size: undefined/unknown
2025-06-13T17:51:58.685+05:30  INFO 35140 --- [FlightAndHotelBooking] [restartedMain] o.h.e.t.j.p.i.JtaPlatformInitiator       : HHH000489: No JTA platform available (set 'hibernate.transaction.jta.platform' to enable JTA platform integration)
2025-06-13T17:52:02.327+05:30  INFO 35140 --- [FlightAndHotelBooking] [restartedMain] j.LocalContainerEntityManagerFactoryBean : Initialized JPA EntityManagerFactory for persistence unit 'default'
2025-06-13T17:52:02.535+05:30  WARN 35140 --- [FlightAndHotelBooking] [restartedMain] JpaBaseConfiguration$JpaWebConfiguration : spring.jpa.open-in-view is enabled by default. Therefore, database queries may be performed during view rendering. Explicitly configure spring.jpa.open-in-view to disable this warning
2025-06-13T17:52:02.681+05:30  INFO 35140 --- [FlightAndHotelBooking] [restartedMain] o.s.b.a.e.web.EndpointLinksResolver      : Exposing 14 endpoints beneath base path '/actuator'
2025-06-13T17:52:02.713+05:30  WARN 35140 --- [FlightAndHotelBooking] [restartedMain] .s.s.UserDetailsServiceAutoConfiguration : 

Using generated security password: 5c4b38e7-44fd-4f1b-bb7c-4683c8410fa3

This generated password is for development use only. Your security configuration must be updated before running your application in production.

2025-06-13T17:52:02.715+05:30  INFO 35140 --- [FlightAndHotelBooking] [restartedMain] r$InitializeUserDetailsManagerConfigurer : Global AuthenticationManager configured with UserDetailsService bean with name inMemoryUserDetailsManager
2025-06-13T17:52:02.914+05:30  INFO 35140 --- [FlightAndHotelBooking] [restartedMain] o.s.b.d.a.OptionalLiveReloadServer       : LiveReload server is running on port 35729
2025-06-13T17:52:02.941+05:30  INFO 35140 --- [FlightAndHotelBooking] [restartedMain] o.s.b.w.embedded.tomcat.TomcatWebServer  : Tomcat started on port 8100 (http) with context path '/'
2025-06-13T17:52:02.958+05:30  INFO 35140 --- [FlightAndHotelBooking] [restartedMain] c.n.FlightAndHotelBookingApplication     : Started FlightAndHotelBookingApplication in 5.278 seconds (process running for 268.615)
2025-06-13T17:52:03.525+05:30  INFO 35140 --- [FlightAndHotelBooking] [restartedMain] .ConditionEvaluationDeltaLoggingListener : Condition evaluation unchanged
2025-06-13T17:53:53.981+05:30  INFO 35140 --- [FlightAndHotelBooking] [File Watcher] rtingClassPathChangeChangedEventListener : Restarting due to 1 class path change (0 additions, 0 deletions, 1 modification)
2025-06-13T17:53:53.984+05:30  INFO 35140 --- [FlightAndHotelBooking] [Thread-7] o.s.b.w.e.tomcat.GracefulShutdown        : Commencing graceful shutdown. Waiting for active requests to complete
2025-06-13T17:53:53.991+05:30  INFO 35140 --- [FlightAndHotelBooking] [tomcat-shutdown] o.s.b.w.e.tomcat.GracefulShutdown        : Graceful shutdown complete
2025-06-13T17:53:53.995+05:30  INFO 35140 --- [FlightAndHotelBooking] [Thread-7] j.LocalContainerEntityManagerFactoryBean : Closing JPA EntityManagerFactory for persistence unit 'default'
2025-06-13T17:53:53.996+05:30  INFO 35140 --- [FlightAndHotelBooking] [Thread-7] com.zaxxer.hikari.HikariDataSource       : HikariPool-2 - Shutdown initiated...
2025-06-13T17:53:54.004+05:30  INFO 35140 --- [FlightAndHotelBooking] [Thread-7] com.zaxxer.hikari.HikariDataSource       : HikariPool-2 - Shutdown completed.
2025-06-13T17:53:54.122+05:30  INFO 35140 --- [FlightAndHotelBooking] [restartedMain] c.n.FlightAndHotelBookingApplication     : Starting FlightAndHotelBookingApplication using Java 21.0.6 with PID 35140 (C:\Users\2408704\Downloads\fhm12\fhm\FlightAndHotelModule\target\classes started by 2408704 in C:\Users\2408704\Downloads\fhm12\fhm\FlightAndHotelModule)
2025-06-13T17:53:54.122+05:30 DEBUG 35140 --- [FlightAndHotelBooking] [restartedMain] c.n.FlightAndHotelBookingApplication     : Running with Spring Boot v3.5.0, Spring v6.2.7
2025-06-13T17:53:54.122+05:30  INFO 35140 --- [FlightAndHotelBooking] [restartedMain] c.n.FlightAndHotelBookingApplication     : No active profile set, falling back to 1 default profile: "default"
2025-06-13T17:53:54.497+05:30  INFO 35140 --- [FlightAndHotelBooking] [restartedMain] .s.d.r.c.RepositoryConfigurationDelegate : Bootstrapping Spring Data JPA repositories in DEFAULT mode.
2025-06-13T17:53:54.534+05:30  INFO 35140 --- [FlightAndHotelBooking] [restartedMain] .s.d.r.c.RepositoryConfigurationDelegate : Finished Spring Data repository scanning in 37 ms. Found 13 JPA repository interfaces.
2025-06-13T17:53:54.641+05:30  INFO 35140 --- [FlightAndHotelBooking] [restartedMain] o.s.b.w.embedded.tomcat.TomcatWebServer  : Tomcat initialized with port 8100 (http)
2025-06-13T17:53:54.642+05:30  INFO 35140 --- [FlightAndHotelBooking] [restartedMain] o.apache.catalina.core.StandardService   : Starting service [Tomcat]
2025-06-13T17:53:54.643+05:30  INFO 35140 --- [FlightAndHotelBooking] [restartedMain] o.apache.catalina.core.StandardEngine    : Starting Servlet engine: [Apache Tomcat/10.1.41]
2025-06-13T17:53:54.674+05:30  INFO 35140 --- [FlightAndHotelBooking] [restartedMain] o.a.c.c.C.[Tomcat].[localhost].[/]       : Initializing Spring embedded WebApplicationContext
2025-06-13T17:53:54.674+05:30  INFO 35140 --- [FlightAndHotelBooking] [restartedMain] w.s.c.ServletWebServerApplicationContext : Root WebApplicationContext: initialization completed in 550 ms
2025-06-13T17:53:54.715+05:30 DEBUG 35140 --- [FlightAndHotelBooking] [restartedMain] com.nomads.security.JwtFilter            : Filter 'jwtFilter' configured for use
2025-06-13T17:53:54.751+05:30  INFO 35140 --- [FlightAndHotelBooking] [restartedMain] o.hibernate.jpa.internal.util.LogHelper  : HHH000204: Processing PersistenceUnitInfo [name: default]
2025-06-13T17:53:54.755+05:30  INFO 35140 --- [FlightAndHotelBooking] [restartedMain] o.h.c.internal.RegionFactoryInitiator    : HHH000026: Second-level cache disabled
2025-06-13T17:53:54.766+05:30  INFO 35140 --- [FlightAndHotelBooking] [restartedMain] o.s.o.j.p.SpringPersistenceUnitInfo      : No LoadTimeWeaver setup: ignoring JPA class transformer
2025-06-13T17:53:54.768+05:30  INFO 35140 --- [FlightAndHotelBooking] [restartedMain] com.zaxxer.hikari.HikariDataSource       : HikariPool-3 - Starting...
2025-06-13T17:53:54.782+05:30  INFO 35140 --- [FlightAndHotelBooking] [restartedMain] com.zaxxer.hikari.pool.HikariPool        : HikariPool-3 - Added connection com.mysql.cj.jdbc.ConnectionImpl@55b916cd
2025-06-13T17:53:54.782+05:30  INFO 35140 --- [FlightAndHotelBooking] [restartedMain] com.zaxxer.hikari.HikariDataSource       : HikariPool-3 - Start completed.
2025-06-13T17:53:54.785+05:30  INFO 35140 --- [FlightAndHotelBooking] [restartedMain] org.hibernate.orm.connections.pooling    : HHH10001005: Database info:
	Database JDBC URL [Connecting through datasource 'HikariDataSource (HikariPool-3)']
	Database driver: undefined/unknown
	Database version: 8.0.41
	Autocommit mode: undefined/unknown
	Isolation level: undefined/unknown
	Minimum pool size: undefined/unknown
	Maximum pool size: undefined/unknown
2025-06-13T17:53:54.980+05:30  INFO 35140 --- [FlightAndHotelBooking] [restartedMain] o.h.e.t.j.p.i.JtaPlatformInitiator       : HHH000489: No JTA platform available (set 'hibernate.transaction.jta.platform' to enable JTA platform integration)
2025-06-13T17:53:57.836+05:30  INFO 35140 --- [FlightAndHotelBooking] [restartedMain] j.LocalContainerEntityManagerFactoryBean : Initialized JPA EntityManagerFactory for persistence unit 'default'
2025-06-13T17:53:57.995+05:30  WARN 35140 --- [FlightAndHotelBooking] [restartedMain] JpaBaseConfiguration$JpaWebConfiguration : spring.jpa.open-in-view is enabled by default. Therefore, database queries may be performed during view rendering. Explicitly configure spring.jpa.open-in-view to disable this warning
2025-06-13T17:53:58.092+05:30  INFO 35140 --- [FlightAndHotelBooking] [restartedMain] o.s.b.a.e.web.EndpointLinksResolver      : Exposing 14 endpoints beneath base path '/actuator'
2025-06-13T17:53:58.109+05:30  WARN 35140 --- [FlightAndHotelBooking] [restartedMain] .s.s.UserDetailsServiceAutoConfiguration : 

Using generated security password: 31e5f576-28ad-4a2e-9d2c-5366ee09c9d5

This generated password is for development use only. Your security configuration must be updated before running your application in production.

2025-06-13T17:53:58.110+05:30  INFO 35140 --- [FlightAndHotelBooking] [restartedMain] r$InitializeUserDetailsManagerConfigurer : Global AuthenticationManager configured with UserDetailsService bean with name inMemoryUserDetailsManager
2025-06-13T17:53:58.272+05:30  INFO 35140 --- [FlightAndHotelBooking] [restartedMain] o.s.b.d.a.OptionalLiveReloadServer       : LiveReload server is running on port 35729
2025-06-13T17:53:58.290+05:30  INFO 35140 --- [FlightAndHotelBooking] [restartedMain] o.s.b.w.embedded.tomcat.TomcatWebServer  : Tomcat started on port 8100 (http) with context path '/'
2025-06-13T17:53:58.297+05:30  INFO 35140 --- [FlightAndHotelBooking] [restartedMain] c.n.FlightAndHotelBookingApplication     : Started FlightAndHotelBookingApplication in 4.231 seconds (process running for 383.955)
2025-06-13T17:53:58.809+05:30  INFO 35140 --- [FlightAndHotelBooking] [restartedMain] .ConditionEvaluationDeltaLoggingListener : Condition evaluation unchanged
2025-06-13T17:55:54.335+05:30  INFO 35140 --- [FlightAndHotelBooking] [File Watcher] rtingClassPathChangeChangedEventListener : Restarting due to 1 class path change (0 additions, 0 deletions, 1 modification)
2025-06-13T17:55:54.338+05:30  INFO 35140 --- [FlightAndHotelBooking] [Thread-11] o.s.b.w.e.tomcat.GracefulShutdown        : Commencing graceful shutdown. Waiting for active requests to complete
2025-06-13T17:55:54.344+05:30  INFO 35140 --- [FlightAndHotelBooking] [tomcat-shutdown] o.s.b.w.e.tomcat.GracefulShutdown        : Graceful shutdown complete
2025-06-13T17:55:54.347+05:30  INFO 35140 --- [FlightAndHotelBooking] [Thread-11] j.LocalContainerEntityManagerFactoryBean : Closing JPA EntityManagerFactory for persistence unit 'default'
2025-06-13T17:55:54.348+05:30  INFO 35140 --- [FlightAndHotelBooking] [Thread-11] com.zaxxer.hikari.HikariDataSource       : HikariPool-3 - Shutdown initiated...
2025-06-13T17:55:54.354+05:30  INFO 35140 --- [FlightAndHotelBooking] [Thread-11] com.zaxxer.hikari.HikariDataSource       : HikariPool-3 - Shutdown completed.
2025-06-13T17:55:54.457+05:30  INFO 35140 --- [FlightAndHotelBooking] [restartedMain] c.n.FlightAndHotelBookingApplication     : Starting FlightAndHotelBookingApplication using Java 21.0.6 with PID 35140 (C:\Users\2408704\Downloads\fhm12\fhm\FlightAndHotelModule\target\classes started by 2408704 in C:\Users\2408704\Downloads\fhm12\fhm\FlightAndHotelModule)
2025-06-13T17:55:54.457+05:30 DEBUG 35140 --- [FlightAndHotelBooking] [restartedMain] c.n.FlightAndHotelBookingApplication     : Running with Spring Boot v3.5.0, Spring v6.2.7
2025-06-13T17:55:54.457+05:30  INFO 35140 --- [FlightAndHotelBooking] [restartedMain] c.n.FlightAndHotelBookingApplication     : No active profile set, falling back to 1 default profile: "default"
2025-06-13T17:55:54.634+05:30  INFO 35140 --- [FlightAndHotelBooking] [restartedMain] .s.d.r.c.RepositoryConfigurationDelegate : Bootstrapping Spring Data JPA repositories in DEFAULT mode.
2025-06-13T17:55:54.655+05:30  INFO 35140 --- [FlightAndHotelBooking] [restartedMain] .s.d.r.c.RepositoryConfigurationDelegate : Finished Spring Data repository scanning in 20 ms. Found 13 JPA repository interfaces.
2025-06-13T17:55:54.970+05:30  INFO 35140 --- [FlightAndHotelBooking] [restartedMain] o.s.b.w.embedded.tomcat.TomcatWebServer  : Tomcat initialized with port 8100 (http)
2025-06-13T17:55:54.971+05:30  INFO 35140 --- [FlightAndHotelBooking] [restartedMain] o.apache.catalina.core.StandardService   : Starting service [Tomcat]
2025-06-13T17:55:54.971+05:30  INFO 35140 --- [FlightAndHotelBooking] [restartedMain] o.apache.catalina.core.StandardEngine    : Starting Servlet engine: [Apache Tomcat/10.1.41]
2025-06-13T17:55:54.991+05:30  INFO 35140 --- [FlightAndHotelBooking] [restartedMain] o.a.c.c.C.[Tomcat].[localhost].[/]       : Initializing Spring embedded WebApplicationContext
2025-06-13T17:55:54.991+05:30  INFO 35140 --- [FlightAndHotelBooking] [restartedMain] w.s.c.ServletWebServerApplicationContext : Root WebApplicationContext: initialization completed in 527 ms
2025-06-13T17:55:55.020+05:30 DEBUG 35140 --- [FlightAndHotelBooking] [restartedMain] com.nomads.security.JwtFilter            : Filter 'jwtFilter' configured for use
2025-06-13T17:55:55.039+05:30  INFO 35140 --- [FlightAndHotelBooking] [restartedMain] o.hibernate.jpa.internal.util.LogHelper  : HHH000204: Processing PersistenceUnitInfo [name: default]
2025-06-13T17:55:55.042+05:30  INFO 35140 --- [FlightAndHotelBooking] [restartedMain] o.h.c.internal.RegionFactoryInitiator    : HHH000026: Second-level cache disabled
2025-06-13T17:55:55.049+05:30  INFO 35140 --- [FlightAndHotelBooking] [restartedMain] o.s.o.j.p.SpringPersistenceUnitInfo      : No LoadTimeWeaver setup: ignoring JPA class transformer
2025-06-13T17:55:55.050+05:30  INFO 35140 --- [FlightAndHotelBooking] [restartedMain] com.zaxxer.hikari.HikariDataSource       : HikariPool-4 - Starting...
2025-06-13T17:55:55.065+05:30  INFO 35140 --- [FlightAndHotelBooking] [restartedMain] com.zaxxer.hikari.pool.HikariPool        : HikariPool-4 - Added connection com.mysql.cj.jdbc.ConnectionImpl@5db2cf48
2025-06-13T17:55:55.066+05:30  INFO 35140 --- [FlightAndHotelBooking] [restartedMain] com.zaxxer.hikari.HikariDataSource       : HikariPool-4 - Start completed.
2025-06-13T17:55:55.067+05:30  INFO 35140 --- [FlightAndHotelBooking] [restartedMain] org.hibernate.orm.connections.pooling    : HHH10001005: Database info:
	Database JDBC URL [Connecting through datasource 'HikariDataSource (HikariPool-4)']
	Database driver: undefined/unknown
	Database version: 8.0.41
	Autocommit mode: undefined/unknown
	Isolation level: undefined/unknown
	Minimum pool size: undefined/unknown
	Maximum pool size: undefined/unknown
2025-06-13T17:55:55.196+05:30  INFO 35140 --- [FlightAndHotelBooking] [restartedMain] o.h.e.t.j.p.i.JtaPlatformInitiator       : HHH000489: No JTA platform available (set 'hibernate.transaction.jta.platform' to enable JTA platform integration)
2025-06-13T17:55:58.034+05:30  INFO 35140 --- [FlightAndHotelBooking] [restartedMain] j.LocalContainerEntityManagerFactoryBean : Initialized JPA EntityManagerFactory for persistence unit 'default'
2025-06-13T17:55:58.150+05:30  WARN 35140 --- [FlightAndHotelBooking] [restartedMain] JpaBaseConfiguration$JpaWebConfiguration : spring.jpa.open-in-view is enabled by default. Therefore, database queries may be performed during view rendering. Explicitly configure spring.jpa.open-in-view to disable this warning
2025-06-13T17:55:58.222+05:30  INFO 35140 --- [FlightAndHotelBooking] [restartedMain] o.s.b.a.e.web.EndpointLinksResolver      : Exposing 14 endpoints beneath base path '/actuator'
2025-06-13T17:55:58.235+05:30  WARN 35140 --- [FlightAndHotelBooking] [restartedMain] .s.s.UserDetailsServiceAutoConfiguration : 

Using generated security password: 08ff4048-267e-4f8c-9016-2eccdf66be76

This generated password is for development use only. Your security configuration must be updated before running your application in production.

2025-06-13T17:55:58.236+05:30  INFO 35140 --- [FlightAndHotelBooking] [restartedMain] r$InitializeUserDetailsManagerConfigurer : Global AuthenticationManager configured with UserDetailsService bean with name inMemoryUserDetailsManager
2025-06-13T17:55:58.358+05:30  INFO 35140 --- [FlightAndHotelBooking] [restartedMain] o.s.b.d.a.OptionalLiveReloadServer       : LiveReload server is running on port 35729
2025-06-13T17:55:58.373+05:30  INFO 35140 --- [FlightAndHotelBooking] [restartedMain] o.s.b.w.embedded.tomcat.TomcatWebServer  : Tomcat started on port 8100 (http) with context path '/'
2025-06-13T17:55:58.380+05:30  INFO 35140 --- [FlightAndHotelBooking] [restartedMain] c.n.FlightAndHotelBookingApplication     : Started FlightAndHotelBookingApplication in 3.959 seconds (process running for 504.037)
2025-06-13T17:55:58.848+05:30  INFO 35140 --- [FlightAndHotelBooking] [restartedMain] .ConditionEvaluationDeltaLoggingListener : Condition evaluation delta:


==========================
CONDITION EVALUATION DELTA
==========================


Positive matches:
-----------------

    None


Negative matches:
-----------------

   JpaRepositoriesAutoConfiguration:
      Did not match:
         - @ConditionalOnMissingBean (types: org.springframework.data.jpa.repository.support.JpaRepositoryFactoryBean,org.springframework.data.jpa.repository.config.JpaRepositoryConfigExtension; SearchStrategy: all) found beans of type 'org.springframework.data.jpa.repository.support.JpaRepositoryFactoryBean' &hotelImageRepository, &roomRepository, &flightRepository, &userRepository, &packageRepository, &bookingRepository, &roomImageRepository, &flightAgentRepository, &rolesRepository, &travelAgentRepository, &hotelAgentRepository, &agentRepository, &hotelRepository and found beans of type 'org.springframework.data.jpa.repository.config.JpaRepositoryConfigExtension' org.springframework.data.jpa.repository.config.JpaRepositoryConfigExtension#0 (OnBeanCondition)
      Matched:
         - @ConditionalOnClass found required class 'org.springframework.data.jpa.repository.JpaRepository' (OnClassCondition)
         - @ConditionalOnBooleanProperty (spring.data.jpa.repositories.enabled=true) matched (OnPropertyCondition)


Exclusions:
-----------

    None


Unconditional classes:
----------------------

    None



2025-06-13T17:57:49.693+05:30  INFO 35140 --- [FlightAndHotelBooking] [File Watcher] rtingClassPathChangeChangedEventListener : Restarting due to 1 class path change (0 additions, 0 deletions, 1 modification)
2025-06-13T17:57:49.697+05:30  INFO 35140 --- [FlightAndHotelBooking] [Thread-15] o.s.b.w.e.tomcat.GracefulShutdown        : Commencing graceful shutdown. Waiting for active requests to complete
2025-06-13T17:57:49.706+05:30  INFO 35140 --- [FlightAndHotelBooking] [tomcat-shutdown] o.s.b.w.e.tomcat.GracefulShutdown        : Graceful shutdown complete
2025-06-13T17:57:49.711+05:30  INFO 35140 --- [FlightAndHotelBooking] [Thread-15] j.LocalContainerEntityManagerFactoryBean : Closing JPA EntityManagerFactory for persistence unit 'default'
2025-06-13T17:57:49.713+05:30  INFO 35140 --- [FlightAndHotelBooking] [Thread-15] com.zaxxer.hikari.HikariDataSource       : HikariPool-4 - Shutdown initiated...
2025-06-13T17:57:49.723+05:30  INFO 35140 --- [FlightAndHotelBooking] [Thread-15] com.zaxxer.hikari.HikariDataSource       : HikariPool-4 - Shutdown completed.
2025-06-13T17:57:49.852+05:30  INFO 35140 --- [FlightAndHotelBooking] [restartedMain] c.n.FlightAndHotelBookingApplication     : Starting FlightAndHotelBookingApplication using Java 21.0.6 with PID 35140 (C:\Users\2408704\Downloads\fhm12\fhm\FlightAndHotelModule\target\classes started by 2408704 in C:\Users\2408704\Downloads\fhm12\fhm\FlightAndHotelModule)
2025-06-13T17:57:49.853+05:30 DEBUG 35140 --- [FlightAndHotelBooking] [restartedMain] c.n.FlightAndHotelBookingApplication     : Running with Spring Boot v3.5.0, Spring v6.2.7
2025-06-13T17:57:49.853+05:30  INFO 35140 --- [FlightAndHotelBooking] [restartedMain] c.n.FlightAndHotelBookingApplication     : No active profile set, falling back to 1 default profile: "default"
2025-06-13T17:57:50.151+05:30  INFO 35140 --- [FlightAndHotelBooking] [restartedMain] .s.d.r.c.RepositoryConfigurationDelegate : Bootstrapping Spring Data JPA repositories in DEFAULT mode.
2025-06-13T17:57:50.185+05:30  INFO 35140 --- [FlightAndHotelBooking] [restartedMain] .s.d.r.c.RepositoryConfigurationDelegate : Finished Spring Data repository scanning in 32 ms. Found 13 JPA repository interfaces.
2025-06-13T17:57:50.298+05:30  INFO 35140 --- [FlightAndHotelBooking] [restartedMain] o.s.b.w.embedded.tomcat.TomcatWebServer  : Tomcat initialized with port 8100 (http)
2025-06-13T17:57:50.299+05:30  INFO 35140 --- [FlightAndHotelBooking] [restartedMain] o.apache.catalina.core.StandardService   : Starting service [Tomcat]
2025-06-13T17:57:50.299+05:30  INFO 35140 --- [FlightAndHotelBooking] [restartedMain] o.apache.catalina.core.StandardEngine    : Starting Servlet engine: [Apache Tomcat/10.1.41]
2025-06-13T17:57:50.326+05:30  INFO 35140 --- [FlightAndHotelBooking] [restartedMain] o.a.c.c.C.[Tomcat].[localhost].[/]       : Initializing Spring embedded WebApplicationContext
2025-06-13T17:57:50.326+05:30  INFO 35140 --- [FlightAndHotelBooking] [restartedMain] w.s.c.ServletWebServerApplicationContext : Root WebApplicationContext: initialization completed in 470 ms
2025-06-13T17:57:50.357+05:30 DEBUG 35140 --- [FlightAndHotelBooking] [restartedMain] com.nomads.security.JwtFilter            : Filter 'jwtFilter' configured for use
2025-06-13T17:57:50.377+05:30  INFO 35140 --- [FlightAndHotelBooking] [restartedMain] o.hibernate.jpa.internal.util.LogHelper  : HHH000204: Processing PersistenceUnitInfo [name: default]
2025-06-13T17:57:50.379+05:30  INFO 35140 --- [FlightAndHotelBooking] [restartedMain] o.h.c.internal.RegionFactoryInitiator    : HHH000026: Second-level cache disabled
2025-06-13T17:57:56.615+05:30  INFO 35068 --- [FlightAndHotelBooking] [restartedMain] c.n.FlightAndHotelBookingApplication     : Starting FlightAndHotelBookingApplication using Java 21.0.6 with PID 35068 (C:\Users\2408704\Downloads\fhm12\fhm\FlightAndHotelModule\target\classes started by 2408704 in C:\Users\2408704\Downloads\fhm12\fhm\FlightAndHotelModule)
2025-06-13T17:57:56.617+05:30 DEBUG 35068 --- [FlightAndHotelBooking] [restartedMain] c.n.FlightAndHotelBookingApplication     : Running with Spring Boot v3.5.0, Spring v6.2.7
2025-06-13T17:57:56.618+05:30  INFO 35068 --- [FlightAndHotelBooking] [restartedMain] c.n.FlightAndHotelBookingApplication     : No active profile set, falling back to 1 default profile: "default"
2025-06-13T17:57:56.666+05:30  INFO 35068 --- [FlightAndHotelBooking] [restartedMain] .e.DevToolsPropertyDefaultsPostProcessor : Devtools property defaults active! Set 'spring.devtools.add-properties' to 'false' to disable
2025-06-13T17:57:56.667+05:30  INFO 35068 --- [FlightAndHotelBooking] [restartedMain] .e.DevToolsPropertyDefaultsPostProcessor : For additional web related logging consider setting the 'logging.level.web' property to 'DEBUG'
2025-06-13T17:57:57.627+05:30  INFO 35068 --- [FlightAndHotelBooking] [restartedMain] .s.d.r.c.RepositoryConfigurationDelegate : Bootstrapping Spring Data JPA repositories in DEFAULT mode.
2025-06-13T17:57:57.692+05:30  INFO 35068 --- [FlightAndHotelBooking] [restartedMain] .s.d.r.c.RepositoryConfigurationDelegate : Finished Spring Data repository scanning in 56 ms. Found 13 JPA repository interfaces.
2025-06-13T17:57:58.203+05:30  INFO 35068 --- [FlightAndHotelBooking] [restartedMain] o.s.b.w.embedded.tomcat.TomcatWebServer  : Tomcat initialized with port 8100 (http)
2025-06-13T17:57:58.214+05:30  INFO 35068 --- [FlightAndHotelBooking] [restartedMain] o.apache.catalina.core.StandardService   : Starting service [Tomcat]
2025-06-13T17:57:58.215+05:30  INFO 35068 --- [FlightAndHotelBooking] [restartedMain] o.apache.catalina.core.StandardEngine    : Starting Servlet engine: [Apache Tomcat/10.1.41]
2025-06-13T17:57:58.262+05:30  INFO 35068 --- [FlightAndHotelBooking] [restartedMain] o.a.c.c.C.[Tomcat].[localhost].[/]       : Initializing Spring embedded WebApplicationContext
2025-06-13T17:57:58.263+05:30  INFO 35068 --- [FlightAndHotelBooking] [restartedMain] w.s.c.ServletWebServerApplicationContext : Root WebApplicationContext: initialization completed in 1596 ms
2025-06-13T17:57:58.374+05:30 DEBUG 35068 --- [FlightAndHotelBooking] [restartedMain] com.nomads.security.JwtFilter            : Filter 'jwtFilter' configured for use
2025-06-13T17:57:58.459+05:30  INFO 35068 --- [FlightAndHotelBooking] [restartedMain] o.hibernate.jpa.internal.util.LogHelper  : HHH000204: Processing PersistenceUnitInfo [name: default]
2025-06-13T17:57:58.501+05:30  INFO 35068 --- [FlightAndHotelBooking] [restartedMain] org.hibernate.Version                    : HHH000412: Hibernate ORM core version 6.6.15.Final
2025-06-13T17:57:58.525+05:30  INFO 35068 --- [FlightAndHotelBooking] [restartedMain] o.h.c.internal.RegionFactoryInitiator    : HHH000026: Second-level cache disabled
2025-06-13T17:57:58.720+05:30  INFO 35068 --- [FlightAndHotelBooking] [restartedMain] o.s.o.j.p.SpringPersistenceUnitInfo      : No LoadTimeWeaver setup: ignoring JPA class transformer
2025-06-13T17:57:58.742+05:30  INFO 35068 --- [FlightAndHotelBooking] [restartedMain] com.zaxxer.hikari.HikariDataSource       : HikariPool-1 - Starting...
2025-06-13T17:57:59.002+05:30  INFO 35068 --- [FlightAndHotelBooking] [restartedMain] com.zaxxer.hikari.pool.HikariPool        : HikariPool-1 - Added connection com.mysql.cj.jdbc.ConnectionImpl@4712cf8a
2025-06-13T17:57:59.004+05:30  INFO 35068 --- [FlightAndHotelBooking] [restartedMain] com.zaxxer.hikari.HikariDataSource       : HikariPool-1 - Start completed.
2025-06-13T17:57:59.075+05:30  INFO 35068 --- [FlightAndHotelBooking] [restartedMain] org.hibernate.orm.connections.pooling    : HHH10001005: Database info:
	Database JDBC URL [Connecting through datasource 'HikariDataSource (HikariPool-1)']
	Database driver: undefined/unknown
	Database version: 8.0.41
	Autocommit mode: undefined/unknown
	Isolation level: undefined/unknown
	Minimum pool size: undefined/unknown
	Maximum pool size: undefined/unknown
2025-06-13T17:58:00.092+05:30  INFO 35068 --- [FlightAndHotelBooking] [restartedMain] o.h.e.t.j.p.i.JtaPlatformInitiator       : HHH000489: No JTA platform available (set 'hibernate.transaction.jta.platform' to enable JTA platform integration)
2025-06-13T17:58:03.387+05:30  INFO 35068 --- [FlightAndHotelBooking] [restartedMain] j.LocalContainerEntityManagerFactoryBean : Initialized JPA EntityManagerFactory for persistence unit 'default'
2025-06-13T17:58:03.812+05:30  WARN 35068 --- [FlightAndHotelBooking] [restartedMain] JpaBaseConfiguration$JpaWebConfiguration : spring.jpa.open-in-view is enabled by default. Therefore, database queries may be performed during view rendering. Explicitly configure spring.jpa.open-in-view to disable this warning
2025-06-13T17:58:04.082+05:30  INFO 35068 --- [FlightAndHotelBooking] [restartedMain] o.s.b.a.e.web.EndpointLinksResolver      : Exposing 14 endpoints beneath base path '/actuator'
2025-06-13T17:58:04.110+05:30  WARN 35068 --- [FlightAndHotelBooking] [restartedMain] .s.s.UserDetailsServiceAutoConfiguration : 

Using generated security password: 7987342e-bd2b-4036-9071-9f1b69d24cd8

This generated password is for development use only. Your security configuration must be updated before running your application in production.

2025-06-13T17:58:04.117+05:30  INFO 35068 --- [FlightAndHotelBooking] [restartedMain] r$InitializeUserDetailsManagerConfigurer : Global AuthenticationManager configured with UserDetailsService bean with name inMemoryUserDetailsManager
2025-06-13T17:58:04.493+05:30  INFO 35068 --- [FlightAndHotelBooking] [restartedMain] o.s.b.d.a.OptionalLiveReloadServer       : LiveReload server is running on port 35729
2025-06-13T17:58:04.559+05:30  INFO 35068 --- [FlightAndHotelBooking] [restartedMain] o.s.b.w.embedded.tomcat.TomcatWebServer  : Tomcat started on port 8100 (http) with context path '/'
2025-06-13T17:58:04.572+05:30  INFO 35068 --- [FlightAndHotelBooking] [restartedMain] c.n.FlightAndHotelBookingApplication     : Started FlightAndHotelBookingApplication in 8.416 seconds (process running for 9.062)
2025-06-13T18:01:57.355+05:30  INFO 35068 --- [FlightAndHotelBooking] [http-nio-8100-exec-1] o.a.c.c.C.[Tomcat].[localhost].[/]       : Initializing Spring DispatcherServlet 'dispatcherServlet'
2025-06-13T18:01:57.356+05:30  INFO 35068 --- [FlightAndHotelBooking] [http-nio-8100-exec-1] o.s.web.servlet.DispatcherServlet        : Initializing Servlet 'dispatcherServlet'
2025-06-13T18:01:57.359+05:30  INFO 35068 --- [FlightAndHotelBooking] [http-nio-8100-exec-1] o.s.web.servlet.DispatcherServlet        : Completed initialization in 2 ms
2025-06-13T18:02:00.504+05:30  INFO 35068 --- [FlightAndHotelBooking] [http-nio-8100-exec-10] o.springdoc.api.AbstractOpenApiResource  : Init duration for springdoc-openapi is: 2424 ms
2025-06-13T18:04:58.941+05:30  INFO 35068 --- [FlightAndHotelBooking] [File Watcher] rtingClassPathChangeChangedEventListener : Restarting due to 1 class path change (0 additions, 0 deletions, 1 modification)
2025-06-13T18:04:58.949+05:30  INFO 35068 --- [FlightAndHotelBooking] [Thread-5] o.s.b.w.e.tomcat.GracefulShutdown        : Commencing graceful shutdown. Waiting for active requests to complete
2025-06-13T18:04:58.962+05:30  INFO 35068 --- [FlightAndHotelBooking] [tomcat-shutdown] o.s.b.w.e.tomcat.GracefulShutdown        : Graceful shutdown complete
2025-06-13T18:04:58.974+05:30  INFO 35068 --- [FlightAndHotelBooking] [Thread-5] j.LocalContainerEntityManagerFactoryBean : Closing JPA EntityManagerFactory for persistence unit 'default'
2025-06-13T18:04:58.979+05:30  INFO 35068 --- [FlightAndHotelBooking] [Thread-5] com.zaxxer.hikari.HikariDataSource       : HikariPool-1 - Shutdown initiated...
2025-06-13T18:04:58.992+05:30  INFO 35068 --- [FlightAndHotelBooking] [Thread-5] com.zaxxer.hikari.HikariDataSource       : HikariPool-1 - Shutdown completed.
2025-06-13T18:04:59.309+05:30  INFO 35068 --- [FlightAndHotelBooking] [restartedMain] c.n.FlightAndHotelBookingApplication     : Starting FlightAndHotelBookingApplication using Java 21.0.6 with PID 35068 (C:\Users\2408704\Downloads\fhm12\fhm\FlightAndHotelModule\target\classes started by 2408704 in C:\Users\2408704\Downloads\fhm12\fhm\FlightAndHotelModule)
2025-06-13T18:04:59.311+05:30 DEBUG 35068 --- [FlightAndHotelBooking] [restartedMain] c.n.FlightAndHotelBookingApplication     : Running with Spring Boot v3.5.0, Spring v6.2.7
2025-06-13T18:04:59.311+05:30  INFO 35068 --- [FlightAndHotelBooking] [restartedMain] c.n.FlightAndHotelBookingApplication     : No active profile set, falling back to 1 default profile: "default"
2025-06-13T18:05:00.189+05:30  INFO 35068 --- [FlightAndHotelBooking] [restartedMain] .s.d.r.c.RepositoryConfigurationDelegate : Bootstrapping Spring Data JPA repositories in DEFAULT mode.
2025-06-13T18:05:00.243+05:30  INFO 35068 --- [FlightAndHotelBooking] [restartedMain] .s.d.r.c.RepositoryConfigurationDelegate : Finished Spring Data repository scanning in 52 ms. Found 13 JPA repository interfaces.
2025-06-13T18:05:00.577+05:30  INFO 35068 --- [FlightAndHotelBooking] [restartedMain] o.s.b.w.embedded.tomcat.TomcatWebServer  : Tomcat initialized with port 8100 (http)
2025-06-13T18:05:00.580+05:30  INFO 35068 --- [FlightAndHotelBooking] [restartedMain] o.apache.catalina.core.StandardService   : Starting service [Tomcat]
2025-06-13T18:05:00.580+05:30  INFO 35068 --- [FlightAndHotelBooking] [restartedMain] o.apache.catalina.core.StandardEngine    : Starting Servlet engine: [Apache Tomcat/10.1.41]
2025-06-13T18:05:00.641+05:30  INFO 35068 --- [FlightAndHotelBooking] [restartedMain] o.a.c.c.C.[Tomcat].[localhost].[/]       : Initializing Spring embedded WebApplicationContext
2025-06-13T18:05:00.642+05:30  INFO 35068 --- [FlightAndHotelBooking] [restartedMain] w.s.c.ServletWebServerApplicationContext : Root WebApplicationContext: initialization completed in 1325 ms
2025-06-13T18:05:00.705+05:30 DEBUG 35068 --- [FlightAndHotelBooking] [restartedMain] com.nomads.security.JwtFilter            : Filter 'jwtFilter' configured for use
2025-06-13T18:05:00.766+05:30  INFO 35068 --- [FlightAndHotelBooking] [restartedMain] o.hibernate.jpa.internal.util.LogHelper  : HHH000204: Processing PersistenceUnitInfo [name: default]
2025-06-13T18:05:00.771+05:30  INFO 35068 --- [FlightAndHotelBooking] [restartedMain] o.h.c.internal.RegionFactoryInitiator    : HHH000026: Second-level cache disabled
2025-06-13T18:05:00.790+05:30  INFO 35068 --- [FlightAndHotelBooking] [restartedMain] o.s.o.j.p.SpringPersistenceUnitInfo      : No LoadTimeWeaver setup: ignoring JPA class transformer
2025-06-13T18:05:00.794+05:30  INFO 35068 --- [FlightAndHotelBooking] [restartedMain] com.zaxxer.hikari.HikariDataSource       : HikariPool-2 - Starting...
2025-06-13T18:05:00.830+05:30  INFO 35068 --- [FlightAndHotelBooking] [restartedMain] com.zaxxer.hikari.pool.HikariPool        : HikariPool-2 - Added connection com.mysql.cj.jdbc.ConnectionImpl@79e422a9
2025-06-13T18:05:00.831+05:30  INFO 35068 --- [FlightAndHotelBooking] [restartedMain] com.zaxxer.hikari.HikariDataSource       : HikariPool-2 - Start completed.
2025-06-13T18:05:00.835+05:30  INFO 35068 --- [FlightAndHotelBooking] [restartedMain] org.hibernate.orm.connections.pooling    : HHH10001005: Database info:
	Database JDBC URL [Connecting through datasource 'HikariDataSource (HikariPool-2)']
	Database driver: undefined/unknown
	Database version: 8.0.41
	Autocommit mode: undefined/unknown
	Isolation level: undefined/unknown
	Minimum pool size: undefined/unknown
	Maximum pool size: undefined/unknown
2025-06-13T18:05:01.272+05:30  INFO 35068 --- [FlightAndHotelBooking] [restartedMain] o.h.e.t.j.p.i.JtaPlatformInitiator       : HHH000489: No JTA platform available (set 'hibernate.transaction.jta.platform' to enable JTA platform integration)
2025-06-13T18:05:05.544+05:30  INFO 35068 --- [FlightAndHotelBooking] [restartedMain] j.LocalContainerEntityManagerFactoryBean : Initialized JPA EntityManagerFactory for persistence unit 'default'
2025-06-13T18:05:05.749+05:30  WARN 35068 --- [FlightAndHotelBooking] [restartedMain] JpaBaseConfiguration$JpaWebConfiguration : spring.jpa.open-in-view is enabled by default. Therefore, database queries may be performed during view rendering. Explicitly configure spring.jpa.open-in-view to disable this warning
2025-06-13T18:05:05.877+05:30  INFO 35068 --- [FlightAndHotelBooking] [restartedMain] o.s.b.a.e.web.EndpointLinksResolver      : Exposing 14 endpoints beneath base path '/actuator'
2025-06-13T18:05:05.900+05:30  WARN 35068 --- [FlightAndHotelBooking] [restartedMain] .s.s.UserDetailsServiceAutoConfiguration : 

Using generated security password: 19a1ef82-e7a5-4f9e-ad85-ba081aee5040

This generated password is for development use only. Your security configuration must be updated before running your application in production.

2025-06-13T18:05:05.901+05:30  INFO 35068 --- [FlightAndHotelBooking] [restartedMain] r$InitializeUserDetailsManagerConfigurer : Global AuthenticationManager configured with UserDetailsService bean with name inMemoryUserDetailsManager
2025-06-13T18:05:06.065+05:30  INFO 35068 --- [FlightAndHotelBooking] [restartedMain] o.s.b.d.a.OptionalLiveReloadServer       : LiveReload server is running on port 35729
2025-06-13T18:05:06.092+05:30  INFO 35068 --- [FlightAndHotelBooking] [restartedMain] o.s.b.w.embedded.tomcat.TomcatWebServer  : Tomcat started on port 8100 (http) with context path '/'
2025-06-13T18:05:06.112+05:30  INFO 35068 --- [FlightAndHotelBooking] [restartedMain] c.n.FlightAndHotelBookingApplication     : Started FlightAndHotelBookingApplication in 6.991 seconds (process running for 430.603)
2025-06-13T18:05:06.939+05:30  INFO 35068 --- [FlightAndHotelBooking] [restartedMain] .ConditionEvaluationDeltaLoggingListener : Condition evaluation unchanged
